# JRE version: OpenJDK Runtime Environment (11.0.15) (build 11.0.15+0-b2043.56-8887301)
# Java VM: OpenJDK 64-Bit Server VM (11.0.15+0-b2043.56-8887301, mixed mode, tiered, compressed oops, g1 gc, windows-amd64)
Heap:
 garbage-first heap   total 262144K, used 216194K [0x0000000080000000, 0x0000000100000000)
  region size 1024K, 89 young (91136K), 2 survivors (2048K)
 Metaspace       used 117257K, capacity 120208K, committed 123380K, reserved 1155072K
  class space    used 14680K, capacity 15823K, committed 17024K, reserved 1048576K
GC Heap History (20 events):
Event: 37.476 GC heap before
{Heap before GC invocations=22 (full 0):
 garbage-first heap   total 262144K, used 207202K [0x0000000080000000, 0x0000000100000000)
  region size 1024K, 109 young (111616K), 5 survivors (5120K)
 Metaspace       used 103039K, capacity 105448K, committed 106612K, reserved 1142784K
  class space    used 12766K, capacity 13634K, committed 14080K, reserved 1048576K
}
Event: 37.483 GC heap after
{Heap after GC invocations=23 (full 0):
 garbage-first heap   total 262144K, used 108497K [0x0000000080000000, 0x0000000100000000)
  region size 1024K, 12 young (12288K), 12 survivors (12288K)
 Metaspace       used 103039K, capacity 105448K, committed 106612K, reserved 1142784K
  class space    used 12766K, capacity 13634K, committed 14080K, reserved 1048576K
}
Event: 38.357 GC heap before
{Heap before GC invocations=23 (full 0):
 garbage-first heap   total 262144K, used 209873K [0x0000000080000000, 0x0000000100000000)
  region size 1024K, 112 young (114688K), 12 survivors (12288K)
 Metaspace       used 110318K, capacity 113146K, committed 113396K, reserved 1148928K
  class space    used 13810K, capacity 14864K, committed 14976K, reserved 1048576K
}
Event: 38.369 GC heap after
{Heap after GC invocations=24 (full 0):
 garbage-first heap   total 262144K, used 120848K [0x0000000080000000, 0x0000000100000000)
  region size 1024K, 14 young (14336K), 14 survivors (14336K)
 Metaspace       used 110318K, capacity 113146K, committed 113396K, reserved 1148928K
  class space    used 13810K, capacity 14864K, committed 14976K, reserved 1048576K
}
Event: 38.839 GC heap before
{Heap before GC invocations=24 (full 0):
 garbage-first heap   total 262144K, used 209936K [0x0000000080000000, 0x0000000100000000)
  region size 1024K, 102 young (104448K), 14 survivors (14336K)
 Metaspace       used 116271K, capacity 120069K, committed 120308K, reserved 1153024K
  class space    used 14969K, capacity 16491K, committed 16512K, reserved 1048576K
}
Event: 38.854 GC heap after
{Heap after GC invocations=25 (full 0):
 garbage-first heap   total 262144K, used 129798K [0x0000000080000000, 0x0000000100000000)
  region size 1024K, 10 young (10240K), 10 survivors (10240K)
 Metaspace       used 116271K, capacity 120069K, committed 120308K, reserved 1153024K
  class space    used 14969K, capacity 16491K, committed 16512K, reserved 1048576K
}
Event: 39.097 GC heap before
{Heap before GC invocations=25 (full 0):
 garbage-first heap   total 262144K, used 212742K [0x0000000080000000, 0x0000000100000000)
  region size 1024K, 92 young (94208K), 10 survivors (10240K)
 Metaspace       used 117784K, capacity 121755K, committed 121972K, reserved 1155072K
  class space    used 15232K, capacity 16835K, committed 16896K, reserved 1048576K
}
Event: 39.107 GC heap after
{Heap after GC invocations=26 (full 0):
 garbage-first heap   total 262144K, used 131844K [0x0000000080000000, 0x0000000100000000)
  region size 1024K, 3 young (3072K), 3 survivors (3072K)
 Metaspace       used 117784K, capacity 121755K, committed 121972K, reserved 1155072K
  class space    used 15232K, capacity 16835K, committed 16896K, reserved 1048576K
}
Event: 39.377 GC heap before
{Heap before GC invocations=27 (full 0):
 garbage-first heap   total 262144K, used 215812K [0x0000000080000000, 0x0000000100000000)
  region size 1024K, 86 young (88064K), 3 survivors (3072K)
 Metaspace       used 117586K, capacity 121260K, committed 122612K, reserved 1155072K
  class space    used 15085K, capacity 16561K, committed 17024K, reserved 1048576K
}
Event: 39.381 GC heap after
{Heap after GC invocations=28 (full 0):
 garbage-first heap   total 262144K, used 131145K [0x0000000080000000, 0x0000000100000000)
  region size 1024K, 3 young (3072K), 3 survivors (3072K)
 Metaspace       used 117586K, capacity 121260K, committed 122612K, reserved 1155072K
  class space    used 15085K, capacity 16561K, committed 17024K, reserved 1048576K
}
Event: 39.405 GC heap before
{Heap before GC invocations=28 (full 0):
 garbage-first heap   total 262144K, used 140361K [0x0000000080000000, 0x0000000100000000)
  region size 1024K, 12 young (12288K), 3 survivors (3072K)
 Metaspace       used 117618K, capacity 121262K, committed 122612K, reserved 1155072K
  class space    used 15085K, capacity 16561K, committed 17024K, reserved 1048576K
}
Event: 39.408 GC heap after
{Heap after GC invocations=29 (full 0):
 garbage-first heap   total 262144K, used 127874K [0x0000000080000000, 0x0000000100000000)
  region size 1024K, 1 young (1024K), 1 survivors (1024K)
 Metaspace       used 117618K, capacity 121262K, committed 122612K, reserved 1155072K
  class space    used 15085K, capacity 16561K, committed 17024K, reserved 1048576K
}
Event: 39.648 GC heap before
{Heap before GC invocations=29 (full 0):
 garbage-first heap   total 262144K, used 216962K [0x0000000080000000, 0x0000000100000000)
  region size 1024K, 89 young (91136K), 1 survivors (1024K)
 Metaspace       used 117868K, capacity 121489K, committed 122612K, reserved 1155072K
  class space    used 15099K, capacity 16571K, committed 17024K, reserved 1048576K
}
Event: 39.652 GC heap after
{Heap after GC invocations=30 (full 0):
 garbage-first heap   total 262144K, used 127975K [0x0000000080000000, 0x0000000100000000)
  region size 1024K, 1 young (1024K), 1 survivors (1024K)
 Metaspace       used 117868K, capacity 121489K, committed 122612K, reserved 1155072K
  class space    used 15099K, capacity 16571K, committed 17024K, reserved 1048576K
}
Event: 39.952 GC heap before
{Heap before GC invocations=31 (full 0):
 garbage-first heap   total 262144K, used 219111K [0x0000000080000000, 0x0000000100000000)
  region size 1024K, 91 young (93184K), 1 survivors (1024K)
 Metaspace       used 116796K, capacity 119767K, committed 122868K, reserved 1155072K
  class space    used 14672K, capacity 15810K, committed 17024K, reserved 1048576K
}
Event: 39.955 GC heap after
{Heap after GC invocations=32 (full 0):
 garbage-first heap   total 262144K, used 129244K [0x0000000080000000, 0x0000000100000000)
  region size 1024K, 3 young (3072K), 3 survivors (3072K)
 Metaspace       used 116796K, capacity 119767K, committed 122868K, reserved 1155072K
  class space    used 14672K, capacity 15810K, committed 17024K, reserved 1048576K
}
Event: 39.972 GC heap before
{Heap before GC invocations=32 (full 0):
 garbage-first heap   total 262144K, used 138460K [0x0000000080000000, 0x0000000100000000)
  region size 1024K, 12 young (12288K), 3 survivors (3072K)
 Metaspace       used 116796K, capacity 119767K, committed 122868K, reserved 1155072K
  class space    used 14672K, capacity 15810K, committed 17024K, reserved 1048576K
}
Event: 39.975 GC heap after
{Heap after GC invocations=33 (full 0):
 garbage-first heap   total 262144K, used 127266K [0x0000000080000000, 0x0000000100000000)
  region size 1024K, 1 young (1024K), 1 survivors (1024K)
 Metaspace       used 116796K, capacity 119767K, committed 122868K, reserved 1155072K
  class space    used 14672K, capacity 15810K, committed 17024K, reserved 1048576K
}
Event: 40.231 GC heap before
{Heap before GC invocations=33 (full 0):
 garbage-first heap   total 262144K, used 220450K [0x0000000080000000, 0x0000000100000000)
  region size 1024K, 92 young (94208K), 1 survivors (1024K)
 Metaspace       used 116943K, capacity 119929K, committed 123124K, reserved 1155072K
  class space    used 14678K, capacity 15821K, committed 17024K, reserved 1048576K
}
Event: 40.235 GC heap after
{Heap after GC invocations=34 (full 0):
 garbage-first heap   total 262144K, used 128130K [0x0000000080000000, 0x0000000100000000)
  region size 1024K, 2 young (2048K), 2 survivors (2048K)
 Metaspace       used 116943K, capacity 119929K, committed 123124K, reserved 1155072K
  class space    used 14678K, capacity 15821K, committed 17024K, reserved 1048576K
}

